<?xml version="1.0" encoding="UTF-8"?>
<!-- Generated by org.testng.reporters.JUnitReportReporter -->
<testsuite hostname="TAMILSELVI" failures="0" tests="22" name="com.redbus.testing.testrunner.RunnerIO" time="113.014" errors="18" timestamp="2026-04-17T15:24:31 IST" skipped="0">
  <testcase classname="com.redbus.testing.testrunner.RunnerIO" name="runScenario" time="6.512"/>
  <testcase classname="com.redbus.testing.testrunner.RunnerIO" name="runScenario" time="1.885">
    <error message=".\src\main\resources\data.properties (The system cannot find the file specified)" type="java.io.FileNotFoundException">
      <![CDATA[java.io.FileNotFoundException: .\src\main\resources\data.properties (The system cannot find the file specified)
at java.base/java.io.FileInputStream.open0(Native Method)
at java.base/java.io.FileInputStream.open(FileInputStream.java:216)
at java.base/java.io.FileInputStream.<init>(FileInputStream.java:157)
at java.base/java.io.FileInputStream.<init>(FileInputStream.java:111)
at com.redbus.testing.utilities.AllUtililtyFunction.getPropertyKeyValue(AllUtililtyFunction.java:156)
at com.redbus.testing.stepdefinition.TrainTicket.user_navigates_to_red_bus_website(TrainTicket.java:35)
at ✽.user navigates to RedBus website(file:///C:/Users/sivap/OneDrive/Documents/Selenium/SeleniumUIFramework.RedbusApp/src/test/java/com/redbus/testing/featurefiles/TrainTickets.feature:5)
]]>
    </error>
  </testcase> <!-- runScenario -->
  <testcase classname="com.redbus.testing.testrunner.RunnerIO" name="runScenario" time="6.118"/>
  <testcase classname="com.redbus.testing.testrunner.RunnerIO" name="runScenario" time="3.849">
    <error message=".\src\main\resources\data.properties (The system cannot find the file specified)" type="java.io.FileNotFoundException">
      <![CDATA[java.io.FileNotFoundException: .\src\main\resources\data.properties (The system cannot find the file specified)
at java.base/java.io.FileInputStream.open0(Native Method)
at java.base/java.io.FileInputStream.open(FileInputStream.java:216)
at java.base/java.io.FileInputStream.<init>(FileInputStream.java:157)
at java.base/java.io.FileInputStream.<init>(FileInputStream.java:111)
at com.redbus.testing.utilities.AllUtililtyFunction.getPropertyKeyValue(AllUtililtyFunction.java:156)
at com.redbus.testing.stepdefinition.TrainTicket.user_navigates_to_red_bus_website(TrainTicket.java:35)
at ✽.user navigates to RedBus website(file:///C:/Users/sivap/OneDrive/Documents/Selenium/SeleniumUIFramework.RedbusApp/src/test/java/com/redbus/testing/featurefiles/TrainTickets.feature:5)
]]>
    </error>
  </testcase> <!-- runScenario -->
  <testcase classname="com.redbus.testing.testrunner.RunnerIO" name="runScenario" time="1.859">
    <error message="The step &#039;user clicks on Accounts&#039; and 5 other step(s) are undefined.
You can implement these steps using the snippet(s) below:

@Given(&quot;user clicks on Accounts&quot;)
public void user_clicks_on_accounts() {
    // Write code here that turns the phrase above into concrete actions
    throw new io.cucumber.java.PendingException();
}
@Given(&quot;user clicks on Login button&quot;)
public void user_clicks_on_login_button() {
    // Write code here that turns the phrase above into concrete actions
    throw new io.cucumber.java.PendingException();
}
@Given(&quot;user enters mobile number&quot;)
public void user_enters_mobile_number() {
    // Write code here that turns the phrase above into concrete actions
    throw new io.cucumber.java.PendingException();
}
@Given(&quot;user click on captcha checkbox&quot;)
public void user_click_on_captcha_checkbox() {
    // Write code here that turns the phrase above into concrete actions
    throw new io.cucumber.java.PendingException();
}
@Given(&quot;user clicks on Continue button&quot;)
public void user_clicks_on_continue_button() {
    // Write code here that turns the phrase above into concrete actions
    throw new io.cucumber.java.PendingException();
}
@Then(&quot;user clicks on Verify button&quot;)
public void user_clicks_on_verify_button() {
    // Write code here that turns the phrase above into concrete actions
    throw new io.cucumber.java.PendingException();
}
" type="io.cucumber.testng.UndefinedStepException">
      <![CDATA[io.cucumber.testng.UndefinedStepException: The step 'user clicks on Accounts' and 5 other step(s) are undefined.
You can implement these steps using the snippet(s) below:

@Given("user clicks on Accounts")
public void user_clicks_on_accounts() {
    // Write code here that turns the phrase above into concrete actions
    throw new io.cucumber.java.PendingException();
}
@Given("user clicks on Login button")
public void user_clicks_on_login_button() {
    // Write code here that turns the phrase above into concrete actions
    throw new io.cucumber.java.PendingException();
}
@Given("user enters mobile number")
public void user_enters_mobile_number() {
    // Write code here that turns the phrase above into concrete actions
    throw new io.cucumber.java.PendingException();
}
@Given("user click on captcha checkbox")
public void user_click_on_captcha_checkbox() {
    // Write code here that turns the phrase above into concrete actions
    throw new io.cucumber.java.PendingException();
}
@Given("user clicks on Continue button")
public void user_clicks_on_continue_button() {
    // Write code here that turns the phrase above into concrete actions
    throw new io.cucumber.java.PendingException();
}
@Then("user clicks on Verify button")
public void user_clicks_on_verify_button() {
    // Write code here that turns the phrase above into concrete actions
    throw new io.cucumber.java.PendingException();
}

at ✽.user clicks on Accounts(file:///C:/Users/sivap/OneDrive/Documents/Selenium/SeleniumUIFramework.RedbusApp/src/test/java/com/redbus/testing/featurefiles/Accounts.feature:4)
]]>
    </error>
  </testcase> <!-- runScenario -->
  <testcase classname="com.redbus.testing.testrunner.RunnerIO" name="runScenario" time="2.815">
    <error message=".\src\main\resources\data.properties (The system cannot find the file specified)" type="java.io.FileNotFoundException">
      <![CDATA[java.io.FileNotFoundException: .\src\main\resources\data.properties (The system cannot find the file specified)
at java.base/java.io.FileInputStream.open0(Native Method)
at java.base/java.io.FileInputStream.open(FileInputStream.java:216)
at java.base/java.io.FileInputStream.<init>(FileInputStream.java:157)
at java.base/java.io.FileInputStream.<init>(FileInputStream.java:111)
at com.redbus.testing.utilities.AllUtililtyFunction.getPropertyKeyValue(AllUtililtyFunction.java:156)
at com.redbus.testing.stepdefinition.TrainTicket.user_navigates_to_red_bus_website(TrainTicket.java:35)
at ✽.user navigates to RedBus website(file:///C:/Users/sivap/OneDrive/Documents/Selenium/SeleniumUIFramework.RedbusApp/src/test/java/com/redbus/testing/featurefiles/TrainTickets.feature:5)
]]>
    </error>
  </testcase> <!-- runScenario -->
  <testcase classname="com.redbus.testing.testrunner.RunnerIO" name="runScenario" time="7.317">
    <error message="Cannot invoke &quot;org.apache.poi.ss.usermodel.Sheet.getRow(int)&quot; because &quot;sheet&quot; is null" type="java.lang.NullPointerException">
      <![CDATA[java.lang.NullPointerException: Cannot invoke "org.apache.poi.ss.usermodel.Sheet.getRow(int)" because "sheet" is null
at com.redbus.testing.utilities.AllUtililtyFunction.getExcelData(AllUtililtyFunction.java:179)
at com.redbus.testing.stepdefinition.HotelsStepDefinition.enter_city_name_from_excel_sheet_row(HotelsStepDefinition.java:52)
at ✽.Enter city name from excel sheet "HotelsData" row 1(file:///C:/Users/sivap/OneDrive/Documents/Selenium/SeleniumUIFramework.RedbusApp/src/test/java/com/redbus/testing/featurefiles/SearchHotels.feature:27)
]]>
    </error>
  </testcase> <!-- runScenario -->
  <testcase classname="com.redbus.testing.testrunner.RunnerIO" name="runScenario" time="2.158">
    <error message=".\src\main\resources\data.properties (The system cannot find the file specified)" type="java.io.FileNotFoundException">
      <![CDATA[java.io.FileNotFoundException: .\src\main\resources\data.properties (The system cannot find the file specified)
at java.base/java.io.FileInputStream.open0(Native Method)
at java.base/java.io.FileInputStream.open(FileInputStream.java:216)
at java.base/java.io.FileInputStream.<init>(FileInputStream.java:157)
at java.base/java.io.FileInputStream.<init>(FileInputStream.java:111)
at com.redbus.testing.utilities.AllUtililtyFunction.getPropertyKeyValue(AllUtililtyFunction.java:156)
at com.redbus.testing.stepdefinition.TrainTicket.user_navigates_to_red_bus_website(TrainTicket.java:35)
at ✽.user navigates to RedBus website(file:///C:/Users/sivap/OneDrive/Documents/Selenium/SeleniumUIFramework.RedbusApp/src/test/java/com/redbus/testing/featurefiles/TrainTickets.feature:5)
]]>
    </error>
  </testcase> <!-- runScenario -->
  <testcase classname="com.redbus.testing.testrunner.RunnerIO" name="runScenario" time="4.866">
    <error message=".\src\main\resources\data.properties (The system cannot find the file specified)" type="java.io.FileNotFoundException">
      <![CDATA[java.io.FileNotFoundException: .\src\main\resources\data.properties (The system cannot find the file specified)
at java.base/java.io.FileInputStream.open0(Native Method)
at java.base/java.io.FileInputStream.open(FileInputStream.java:216)
at java.base/java.io.FileInputStream.<init>(FileInputStream.java:157)
at java.base/java.io.FileInputStream.<init>(FileInputStream.java:111)
at com.redbus.testing.utilities.AllUtililtyFunction.getPropertyKeyValue(AllUtililtyFunction.java:156)
at com.redbus.testing.stepdefinition.TrainTicket.user_navigates_to_red_bus_website(TrainTicket.java:35)
at ✽.user navigates to RedBus website(file:///C:/Users/sivap/OneDrive/Documents/Selenium/SeleniumUIFramework.RedbusApp/src/test/java/com/redbus/testing/featurefiles/TrainTickets.feature:5)
]]>
    </error>
  </testcase> <!-- runScenario -->
  <testcase classname="com.redbus.testing.testrunner.RunnerIO" name="runScenario" time="7.337"/>
  <testcase classname="com.redbus.testing.testrunner.RunnerIO" name="runScenario" time="6.294">
    <error message="Cannot invoke &quot;org.apache.poi.ss.usermodel.Sheet.getRow(int)&quot; because &quot;sheet&quot; is null" type="java.lang.NullPointerException">
      <![CDATA[java.lang.NullPointerException: Cannot invoke "org.apache.poi.ss.usermodel.Sheet.getRow(int)" because "sheet" is null
at com.redbus.testing.utilities.AllUtililtyFunction.getExcelData(AllUtililtyFunction.java:179)
at com.redbus.testing.stepdefinition.HotelsStepDefinition.enter_city_name_from_excel_sheet_row(HotelsStepDefinition.java:52)
at ✽.Enter city name from excel sheet "HotelsData" row 4(file:///C:/Users/sivap/OneDrive/Documents/Selenium/SeleniumUIFramework.RedbusApp/src/test/java/com/redbus/testing/featurefiles/SearchHotels.feature:66)
]]>
    </error>
  </testcase> <!-- runScenario -->
  <testcase classname="com.redbus.testing.testrunner.RunnerIO" name="runScenario" time="9.657">
    <error message="Cannot invoke &quot;org.apache.poi.ss.usermodel.Sheet.getRow(int)&quot; because &quot;sheet&quot; is null" type="java.lang.NullPointerException">
      <![CDATA[java.lang.NullPointerException: Cannot invoke "org.apache.poi.ss.usermodel.Sheet.getRow(int)" because "sheet" is null
at com.redbus.testing.utilities.AllUtililtyFunction.getExcelData(AllUtililtyFunction.java:179)
at com.redbus.testing.stepdefinition.HotelsStepDefinition.enter_city_name_from_excel_sheet_row(HotelsStepDefinition.java:52)
at ✽.Enter city name from excel sheet "HotelsData" row 2(file:///C:/Users/sivap/OneDrive/Documents/Selenium/SeleniumUIFramework.RedbusApp/src/test/java/com/redbus/testing/featurefiles/SearchHotels.feature:39)
]]>
    </error>
  </testcase> <!-- runScenario -->
  <testcase classname="com.redbus.testing.testrunner.RunnerIO" name="runScenario" time="1.998">
    <error message=".\src\main\resources\data.properties (The system cannot find the file specified)" type="java.io.FileNotFoundException">
      <![CDATA[java.io.FileNotFoundException: .\src\main\resources\data.properties (The system cannot find the file specified)
at java.base/java.io.FileInputStream.open0(Native Method)
at java.base/java.io.FileInputStream.open(FileInputStream.java:216)
at java.base/java.io.FileInputStream.<init>(FileInputStream.java:157)
at java.base/java.io.FileInputStream.<init>(FileInputStream.java:111)
at com.redbus.testing.utilities.AllUtililtyFunction.getPropertyKeyValue(AllUtililtyFunction.java:156)
at com.redbus.testing.stepdefinition.TrainTicket.user_navigates_to_red_bus_website(TrainTicket.java:35)
at ✽.user navigates to RedBus website(file:///C:/Users/sivap/OneDrive/Documents/Selenium/SeleniumUIFramework.RedbusApp/src/test/java/com/redbus/testing/featurefiles/TrainTickets.feature:5)
]]>
    </error>
  </testcase> <!-- runScenario -->
  <testcase classname="com.redbus.testing.testrunner.RunnerIO" name="runScenario" time="6.576">
    <error message="Cannot invoke &quot;org.apache.poi.ss.usermodel.Sheet.getRow(int)&quot; because &quot;sheet&quot; is null" type="java.lang.NullPointerException">
      <![CDATA[java.lang.NullPointerException: Cannot invoke "org.apache.poi.ss.usermodel.Sheet.getRow(int)" because "sheet" is null
at com.redbus.testing.utilities.AllUtililtyFunction.getExcelData(AllUtililtyFunction.java:179)
at com.redbus.testing.stepdefinition.HotelsStepDefinition.enter_city_name_from_excel_sheet_row(HotelsStepDefinition.java:52)
at ✽.Enter city name from excel sheet "HotelsData" row 5(file:///C:/Users/sivap/OneDrive/Documents/Selenium/SeleniumUIFramework.RedbusApp/src/test/java/com/redbus/testing/featurefiles/SearchHotels.feature:87)
]]>
    </error>
  </testcase> <!-- runScenario -->
  <testcase classname="com.redbus.testing.testrunner.RunnerIO" name="runScenario" time="6.329">
    <error message="Cannot invoke &quot;org.apache.poi.ss.usermodel.Sheet.getRow(int)&quot; because &quot;sheet&quot; is null" type="java.lang.NullPointerException">
      <![CDATA[java.lang.NullPointerException: Cannot invoke "org.apache.poi.ss.usermodel.Sheet.getRow(int)" because "sheet" is null
at com.redbus.testing.utilities.AllUtililtyFunction.getExcelData(AllUtililtyFunction.java:179)
at com.redbus.testing.stepdefinition.HotelsStepDefinition.enter_city_name_from_excel_sheet_row(HotelsStepDefinition.java:52)
at ✽.Enter city name from excel sheet "HotelsData" row 5(file:///C:/Users/sivap/OneDrive/Documents/Selenium/SeleniumUIFramework.RedbusApp/src/test/java/com/redbus/testing/featurefiles/SearchHotels.feature:87)
]]>
    </error>
  </testcase> <!-- runScenario -->
  <testcase classname="com.redbus.testing.testrunner.RunnerIO" name="runScenario" time="5.355">
    <error message="Cannot invoke &quot;org.apache.poi.ss.usermodel.Sheet.getRow(int)&quot; because &quot;sheet&quot; is null" type="java.lang.NullPointerException">
      <![CDATA[java.lang.NullPointerException: Cannot invoke "org.apache.poi.ss.usermodel.Sheet.getRow(int)" because "sheet" is null
at com.redbus.testing.utilities.AllUtililtyFunction.getExcelData(AllUtililtyFunction.java:179)
at com.redbus.testing.stepdefinition.HotelsStepDefinition.enter_city_name_from_excel_sheet_row(HotelsStepDefinition.java:52)
at ✽.Enter city name from excel sheet "HotelsData" row 4(file:///C:/Users/sivap/OneDrive/Documents/Selenium/SeleniumUIFramework.RedbusApp/src/test/java/com/redbus/testing/featurefiles/SearchHotels.feature:66)
]]>
    </error>
  </testcase> <!-- runScenario -->
  <testcase classname="com.redbus.testing.testrunner.RunnerIO" name="runScenario" time="2.242">
    <error message=".\src\main\resources\data.properties (The system cannot find the file specified)" type="java.io.FileNotFoundException">
      <![CDATA[java.io.FileNotFoundException: .\src\main\resources\data.properties (The system cannot find the file specified)
at java.base/java.io.FileInputStream.open0(Native Method)
at java.base/java.io.FileInputStream.open(FileInputStream.java:216)
at java.base/java.io.FileInputStream.<init>(FileInputStream.java:157)
at java.base/java.io.FileInputStream.<init>(FileInputStream.java:111)
at com.redbus.testing.utilities.AllUtililtyFunction.getPropertyKeyValue(AllUtililtyFunction.java:156)
at com.redbus.testing.stepdefinition.TrainTicket.user_navigates_to_red_bus_website(TrainTicket.java:35)
at ✽.user navigates to RedBus website(file:///C:/Users/sivap/OneDrive/Documents/Selenium/SeleniumUIFramework.RedbusApp/src/test/java/com/redbus/testing/featurefiles/TrainTickets.feature:5)
]]>
    </error>
  </testcase> <!-- runScenario -->
  <testcase classname="com.redbus.testing.testrunner.RunnerIO" name="runScenario" time="6.194">
    <error message="Cannot invoke &quot;org.apache.poi.ss.usermodel.Sheet.getRow(int)&quot; because &quot;sheet&quot; is null" type="java.lang.NullPointerException">
      <![CDATA[java.lang.NullPointerException: Cannot invoke "org.apache.poi.ss.usermodel.Sheet.getRow(int)" because "sheet" is null
at com.redbus.testing.utilities.AllUtililtyFunction.getExcelData(AllUtililtyFunction.java:179)
at com.redbus.testing.stepdefinition.HotelsStepDefinition.enter_city_name_from_excel_sheet_row(HotelsStepDefinition.java:52)
at ✽.Enter city name from excel sheet "HotelsData" row 4(file:///C:/Users/sivap/OneDrive/Documents/Selenium/SeleniumUIFramework.RedbusApp/src/test/java/com/redbus/testing/featurefiles/SearchHotels.feature:66)
]]>
    </error>
  </testcase> <!-- runScenario -->
  <testcase classname="com.redbus.testing.testrunner.RunnerIO" name="runScenario" time="2.133">
    <error message=".\src\main\resources\data.properties (The system cannot find the file specified)" type="java.io.FileNotFoundException">
      <![CDATA[java.io.FileNotFoundException: .\src\main\resources\data.properties (The system cannot find the file specified)
at java.base/java.io.FileInputStream.open0(Native Method)
at java.base/java.io.FileInputStream.open(FileInputStream.java:216)
at java.base/java.io.FileInputStream.<init>(FileInputStream.java:157)
at java.base/java.io.FileInputStream.<init>(FileInputStream.java:111)
at com.redbus.testing.utilities.AllUtililtyFunction.getPropertyKeyValue(AllUtililtyFunction.java:156)
at com.redbus.testing.stepdefinition.TrainTicket.user_navigates_to_red_bus_website(TrainTicket.java:35)
at ✽.user navigates to RedBus website(file:///C:/Users/sivap/OneDrive/Documents/Selenium/SeleniumUIFramework.RedbusApp/src/test/java/com/redbus/testing/featurefiles/TrainTickets.feature:5)
]]>
    </error>
  </testcase> <!-- runScenario -->
  <testcase classname="com.redbus.testing.testrunner.RunnerIO" name="runScenario" time="6.434"/>
  <testcase classname="com.redbus.testing.testrunner.RunnerIO" name="runScenario" time="7.654">
    <error message="Cannot invoke &quot;org.apache.poi.ss.usermodel.Sheet.getRow(int)&quot; because &quot;sheet&quot; is null" type="java.lang.NullPointerException">
      <![CDATA[java.lang.NullPointerException: Cannot invoke "org.apache.poi.ss.usermodel.Sheet.getRow(int)" because "sheet" is null
at com.redbus.testing.utilities.AllUtililtyFunction.getExcelData(AllUtililtyFunction.java:179)
at com.redbus.testing.stepdefinition.HotelsStepDefinition.enter_city_name_from_excel_sheet_row(HotelsStepDefinition.java:52)
at ✽.Enter city name from excel sheet "HotelsData" row 4(file:///C:/Users/sivap/OneDrive/Documents/Selenium/SeleniumUIFramework.RedbusApp/src/test/java/com/redbus/testing/featurefiles/SearchHotels.feature:66)
]]>
    </error>
  </testcase> <!-- runScenario -->
  <testcase classname="com.redbus.testing.testrunner.RunnerIO" name="runScenario" time="7.432">
    <error message="Cannot invoke &quot;org.apache.poi.ss.usermodel.Sheet.getRow(int)&quot; because &quot;sheet&quot; is null" type="java.lang.NullPointerException">
      <![CDATA[java.lang.NullPointerException: Cannot invoke "org.apache.poi.ss.usermodel.Sheet.getRow(int)" because "sheet" is null
at com.redbus.testing.utilities.AllUtililtyFunction.getExcelData(AllUtililtyFunction.java:179)
at com.redbus.testing.stepdefinition.HotelsStepDefinition.enter_city_name_from_excel_sheet_row(HotelsStepDefinition.java:52)
at ✽.Enter city name from excel sheet "HotelsData" row 3(file:///C:/Users/sivap/OneDrive/Documents/Selenium/SeleniumUIFramework.RedbusApp/src/test/java/com/redbus/testing/featurefiles/SearchHotels.feature:52)
]]>
    </error>
  </testcase> <!-- runScenario -->
</testsuite> <!-- com.redbus.testing.testrunner.RunnerIO -->
