<?xml version="1.0" encoding="UTF-8"?>
<!-- Generated by org.testng.reporters.JUnitReportReporter -->
<testsuite hostname="LAPTOP-L9QOMMSO" failures="0" tests="4" name="com.redbus.testing.testrunner.RunnerIO" time="38.816" errors="0" timestamp="2026-04-17T14:45:48 IST" skipped="0">
  <testcase classname="com.redbus.testing.testrunner.RunnerIO" name="runScenario" time="7.582"/>
  <testcase classname="com.redbus.testing.testrunner.RunnerIO" name="runScenario" time="8.113"/>
  <testcase classname="com.redbus.testing.testrunner.RunnerIO" name="runScenario" time="10.339"/>
  <testcase classname="com.redbus.testing.testrunner.RunnerIO" name="runScenario" time="12.782"/>
</testsuite> <!-- com.redbus.testing.testrunner.RunnerIO -->
