<?xml version="1.0" encoding="UTF-8"?>
<testng-results ignored="0" total="4" passed="4" failed="0" skipped="0">
  <reporter-output>
  </reporter-output>
  <suite started-at="2026-04-17T14:45:08 IST" name="Default suite" finished-at="2026-04-17T14:45:47 IST" duration-ms="39374">
    <groups>
      <group name="cucumber">
        <method signature="AbstractTestNGCucumberTests.runScenario(io.cucumber.testng.PickleWrapper,io.cucumber.testng.FeatureWrapper)[pri:0, instance:com.redbus.testing.testrunner.RunnerIO@279fedbd]" name="runScenario" class="io.cucumber.testng.AbstractTestNGCucumberTests"/>
      </group> <!-- cucumber -->
    </groups>
    <test started-at="2026-04-17T14:45:08 IST" name="Default test" finished-at="2026-04-17T14:45:47 IST" duration-ms="39374">
      <class name="com.redbus.testing.testrunner.RunnerIO">
        <test-method is-config="true" signature="setUpClass(org.testng.ITestContext)[pri:0, instance:com.redbus.testing.testrunner.RunnerIO@279fedbd]" started-at="2026-04-17T14:45:08 IST" name="setUpClass" finished-at="2026-04-17T14:45:09 IST" duration-ms="464" status="PASS">
          <params>
            <param index="0">
              <value>
                <![CDATA[org.testng.TestRunner@4cb40e3b]]>
              </value>
            </param>
          </params>
          <reporter-output>
          </reporter-output>
        </test-method> <!-- setUpClass -->
        <test-method signature="runScenario(io.cucumber.testng.PickleWrapper,io.cucumber.testng.FeatureWrapper)[pri:0, instance:com.redbus.testing.testrunner.RunnerIO@279fedbd]" started-at="2026-04-17T14:45:09 IST" name="runScenario" description="Runs Cucumber Scenarios" data-provider="scenarios" finished-at="2026-04-17T14:45:19 IST" duration-ms="10339" status="PASS">
          <params>
            <param index="0">
              <value>
                <![CDATA["Verify user can search for a restaurant and navigate to its page"]]>
              </value>
            </param>
            <param index="1">
              <value>
                <![CDATA["Food Search"]]>
              </value>
            </param>
          </params>
          <reporter-output>
          </reporter-output>
        </test-method> <!-- runScenario -->
        <test-method signature="runScenario(io.cucumber.testng.PickleWrapper,io.cucumber.testng.FeatureWrapper)[pri:0, instance:com.redbus.testing.testrunner.RunnerIO@279fedbd]" started-at="2026-04-17T14:45:19 IST" name="runScenario" description="Runs Cucumber Scenarios" data-provider="scenarios" finished-at="2026-04-17T14:45:27 IST" duration-ms="7582" status="PASS">
          <params>
            <param index="0">
              <value>
                <![CDATA["Verify suggestions appear and contain relevant data while typing"]]>
              </value>
            </param>
            <param index="1">
              <value>
                <![CDATA["Food Search"]]>
              </value>
            </param>
          </params>
          <reporter-output>
          </reporter-output>
        </test-method> <!-- runScenario -->
        <test-method signature="runScenario(io.cucumber.testng.PickleWrapper,io.cucumber.testng.FeatureWrapper)[pri:0, instance:com.redbus.testing.testrunner.RunnerIO@279fedbd]" started-at="2026-04-17T14:45:27 IST" name="runScenario" description="Runs Cucumber Scenarios" data-provider="scenarios" finished-at="2026-04-17T14:45:35 IST" duration-ms="8113" status="PASS">
          <params>
            <param index="0">
              <value>
                <![CDATA["Verify restaurant list is displayed after selecting a popular food item"]]>
              </value>
            </param>
            <param index="1">
              <value>
                <![CDATA["Food Search"]]>
              </value>
            </param>
          </params>
          <reporter-output>
          </reporter-output>
        </test-method> <!-- runScenario -->
        <test-method signature="runScenario(io.cucumber.testng.PickleWrapper,io.cucumber.testng.FeatureWrapper)[pri:0, instance:com.redbus.testing.testrunner.RunnerIO@279fedbd]" started-at="2026-04-17T14:45:35 IST" name="runScenario" description="Runs Cucumber Scenarios" data-provider="scenarios" finished-at="2026-04-17T14:45:47 IST" duration-ms="12782" status="PASS">
          <params>
            <param index="0">
              <value>
                <![CDATA["Verify restaurant list is displayed after selecting train details"]]>
              </value>
            </param>
            <param index="1">
              <value>
                <![CDATA["Food Search"]]>
              </value>
            </param>
          </params>
          <reporter-output>
          </reporter-output>
        </test-method> <!-- runScenario -->
        <test-method is-config="true" signature="tearDownClass()[pri:0, instance:com.redbus.testing.testrunner.RunnerIO@279fedbd]" started-at="2026-04-17T14:45:47 IST" name="tearDownClass" finished-at="2026-04-17T14:45:47 IST" duration-ms="4" status="PASS">
          <reporter-output>
          </reporter-output>
        </test-method> <!-- tearDownClass -->
      </class> <!-- com.redbus.testing.testrunner.RunnerIO -->
    </test> <!-- Default test -->
  </suite> <!-- Default suite -->
</testng-results>
