<?xml version="1.0" encoding="UTF-8"?>
<!-- Generated by org.testng.reporters.JUnitXMLReporter -->
<testsuite ignored="0" hostname="TAMILSELVI" failures="18" tests="22" name="Default test" time="113.896" errors="0" timestamp="2026-04-17T15:24:30 IST">
  <testcase classname="io.cucumber.testng.AbstractTestNGCucumberTests" name="runScenario" time="1.859">
    <failure type="io.cucumber.testng.UndefinedStepException" message="The step &amp;apos;user clicks on Accounts&amp;apos; and 5 other step(s) are undefined.
You can implement these steps using the snippet(s) below:

@Given(&amp;quot;user clicks on Accounts&amp;quot;)
public void user_clicks_on_accounts() {
    // Write code here that turns the phrase above into concrete actions
    throw new io.cucumber.java.PendingException();
}
@Given(&amp;quot;user clicks on Login button&amp;quot;)
public void user_clicks_on_login_button() {
    // Write code here that turns the phrase above into concrete actions
    throw new io.cucumber.java.PendingException();
}
@Given(&amp;quot;user enters mobile number&amp;quot;)
public void user_enters_mobile_number() {
    // Write code here that turns the phrase above into concrete actions
    throw new io.cucumber.java.PendingException();
}
@Given(&amp;quot;user click on captcha checkbox&amp;quot;)
public void user_click_on_captcha_checkbox() {
    // Write code here that turns the phrase above into concrete actions
    throw new io.cucumber.java.PendingException();
}
@Given(&amp;quot;user clicks on Continue button&amp;quot;)
public void user_clicks_on_continue_button() {
    // Write code here that turns the phrase above into concrete actions
    throw new io.cucumber.java.PendingException();
}
@Then(&amp;quot;user clicks on Verify button&amp;quot;)
public void user_clicks_on_verify_button() {
    // Write code here that turns the phrase above into concrete actions
    throw new io.cucumber.java.PendingException();
}
">
      <![CDATA[io.cucumber.testng.UndefinedStepException: The step 'user clicks on Accounts' and 5 other step(s) are undefined.
You can implement these steps using the snippet(s) below:

@Given("user clicks on Accounts")
public void user_clicks_on_accounts() {
    // Write code here that turns the phrase above into concrete actions
    throw new io.cucumber.java.PendingException();
}
@Given("user clicks on Login button")
public void user_clicks_on_login_button() {
    // Write code here that turns the phrase above into concrete actions
    throw new io.cucumber.java.PendingException();
}
@Given("user enters mobile number")
public void user_enters_mobile_number() {
    // Write code here that turns the phrase above into concrete actions
    throw new io.cucumber.java.PendingException();
}
@Given("user click on captcha checkbox")
public void user_click_on_captcha_checkbox() {
    // Write code here that turns the phrase above into concrete actions
    throw new io.cucumber.java.PendingException();
}
@Given("user clicks on Continue button")
public void user_clicks_on_continue_button() {
    // Write code here that turns the phrase above into concrete actions
    throw new io.cucumber.java.PendingException();
}
@Then("user clicks on Verify button")
public void user_clicks_on_verify_button() {
    // Write code here that turns the phrase above into concrete actions
    throw new io.cucumber.java.PendingException();
}

at ✽.user clicks on Accounts(file:///C:/Users/sivap/OneDrive/Documents/Selenium/SeleniumUIFramework.RedbusApp/src/test/java/com/redbus/testing/featurefiles/Accounts.feature:4)
]]>
    </failure>
  </testcase> <!-- runScenario -->
  <testcase classname="io.cucumber.testng.AbstractTestNGCucumberTests" name="runScenario" time="6.512"/>
  <testcase classname="io.cucumber.testng.AbstractTestNGCucumberTests" name="runScenario" time="6.434"/>
  <testcase classname="io.cucumber.testng.AbstractTestNGCucumberTests" name="runScenario" time="7.337"/>
  <testcase classname="io.cucumber.testng.AbstractTestNGCucumberTests" name="runScenario" time="6.118"/>
  <testcase classname="io.cucumber.testng.AbstractTestNGCucumberTests" name="runScenario" time="7.317">
    <failure type="java.lang.NullPointerException" message="Cannot invoke &amp;quot;org.apache.poi.ss.usermodel.Sheet.getRow(int)&amp;quot; because &amp;quot;sheet&amp;quot; is null">
      <![CDATA[java.lang.NullPointerException: Cannot invoke "org.apache.poi.ss.usermodel.Sheet.getRow(int)" because "sheet" is null
at com.redbus.testing.utilities.AllUtililtyFunction.getExcelData(AllUtililtyFunction.java:179)
at com.redbus.testing.stepdefinition.HotelsStepDefinition.enter_city_name_from_excel_sheet_row(HotelsStepDefinition.java:52)
at ✽.Enter city name from excel sheet "HotelsData" row 1(file:///C:/Users/sivap/OneDrive/Documents/Selenium/SeleniumUIFramework.RedbusApp/src/test/java/com/redbus/testing/featurefiles/SearchHotels.feature:27)
]]>
    </failure>
  </testcase> <!-- runScenario -->
  <testcase classname="io.cucumber.testng.AbstractTestNGCucumberTests" name="runScenario" time="9.657">
    <failure type="java.lang.NullPointerException" message="Cannot invoke &amp;quot;org.apache.poi.ss.usermodel.Sheet.getRow(int)&amp;quot; because &amp;quot;sheet&amp;quot; is null">
      <![CDATA[java.lang.NullPointerException: Cannot invoke "org.apache.poi.ss.usermodel.Sheet.getRow(int)" because "sheet" is null
at com.redbus.testing.utilities.AllUtililtyFunction.getExcelData(AllUtililtyFunction.java:179)
at com.redbus.testing.stepdefinition.HotelsStepDefinition.enter_city_name_from_excel_sheet_row(HotelsStepDefinition.java:52)
at ✽.Enter city name from excel sheet "HotelsData" row 2(file:///C:/Users/sivap/OneDrive/Documents/Selenium/SeleniumUIFramework.RedbusApp/src/test/java/com/redbus/testing/featurefiles/SearchHotels.feature:39)
]]>
    </failure>
  </testcase> <!-- runScenario -->
  <testcase classname="io.cucumber.testng.AbstractTestNGCucumberTests" name="runScenario" time="7.432">
    <failure type="java.lang.NullPointerException" message="Cannot invoke &amp;quot;org.apache.poi.ss.usermodel.Sheet.getRow(int)&amp;quot; because &amp;quot;sheet&amp;quot; is null">
      <![CDATA[java.lang.NullPointerException: Cannot invoke "org.apache.poi.ss.usermodel.Sheet.getRow(int)" because "sheet" is null
at com.redbus.testing.utilities.AllUtililtyFunction.getExcelData(AllUtililtyFunction.java:179)
at com.redbus.testing.stepdefinition.HotelsStepDefinition.enter_city_name_from_excel_sheet_row(HotelsStepDefinition.java:52)
at ✽.Enter city name from excel sheet "HotelsData" row 3(file:///C:/Users/sivap/OneDrive/Documents/Selenium/SeleniumUIFramework.RedbusApp/src/test/java/com/redbus/testing/featurefiles/SearchHotels.feature:52)
]]>
    </failure>
  </testcase> <!-- runScenario -->
  <testcase classname="io.cucumber.testng.AbstractTestNGCucumberTests" name="runScenario" time="6.194">
    <failure type="java.lang.NullPointerException" message="Cannot invoke &amp;quot;org.apache.poi.ss.usermodel.Sheet.getRow(int)&amp;quot; because &amp;quot;sheet&amp;quot; is null">
      <![CDATA[java.lang.NullPointerException: Cannot invoke "org.apache.poi.ss.usermodel.Sheet.getRow(int)" because "sheet" is null
at com.redbus.testing.utilities.AllUtililtyFunction.getExcelData(AllUtililtyFunction.java:179)
at com.redbus.testing.stepdefinition.HotelsStepDefinition.enter_city_name_from_excel_sheet_row(HotelsStepDefinition.java:52)
at ✽.Enter city name from excel sheet "HotelsData" row 4(file:///C:/Users/sivap/OneDrive/Documents/Selenium/SeleniumUIFramework.RedbusApp/src/test/java/com/redbus/testing/featurefiles/SearchHotels.feature:66)
]]>
    </failure>
  </testcase> <!-- runScenario -->
  <testcase classname="io.cucumber.testng.AbstractTestNGCucumberTests" name="runScenario" time="7.654">
    <failure type="java.lang.NullPointerException" message="Cannot invoke &amp;quot;org.apache.poi.ss.usermodel.Sheet.getRow(int)&amp;quot; because &amp;quot;sheet&amp;quot; is null">
      <![CDATA[java.lang.NullPointerException: Cannot invoke "org.apache.poi.ss.usermodel.Sheet.getRow(int)" because "sheet" is null
at com.redbus.testing.utilities.AllUtililtyFunction.getExcelData(AllUtililtyFunction.java:179)
at com.redbus.testing.stepdefinition.HotelsStepDefinition.enter_city_name_from_excel_sheet_row(HotelsStepDefinition.java:52)
at ✽.Enter city name from excel sheet "HotelsData" row 4(file:///C:/Users/sivap/OneDrive/Documents/Selenium/SeleniumUIFramework.RedbusApp/src/test/java/com/redbus/testing/featurefiles/SearchHotels.feature:66)
]]>
    </failure>
  </testcase> <!-- runScenario -->
  <testcase classname="io.cucumber.testng.AbstractTestNGCucumberTests" name="runScenario" time="5.355">
    <failure type="java.lang.NullPointerException" message="Cannot invoke &amp;quot;org.apache.poi.ss.usermodel.Sheet.getRow(int)&amp;quot; because &amp;quot;sheet&amp;quot; is null">
      <![CDATA[java.lang.NullPointerException: Cannot invoke "org.apache.poi.ss.usermodel.Sheet.getRow(int)" because "sheet" is null
at com.redbus.testing.utilities.AllUtililtyFunction.getExcelData(AllUtililtyFunction.java:179)
at com.redbus.testing.stepdefinition.HotelsStepDefinition.enter_city_name_from_excel_sheet_row(HotelsStepDefinition.java:52)
at ✽.Enter city name from excel sheet "HotelsData" row 4(file:///C:/Users/sivap/OneDrive/Documents/Selenium/SeleniumUIFramework.RedbusApp/src/test/java/com/redbus/testing/featurefiles/SearchHotels.feature:66)
]]>
    </failure>
  </testcase> <!-- runScenario -->
  <testcase classname="io.cucumber.testng.AbstractTestNGCucumberTests" name="runScenario" time="6.294">
    <failure type="java.lang.NullPointerException" message="Cannot invoke &amp;quot;org.apache.poi.ss.usermodel.Sheet.getRow(int)&amp;quot; because &amp;quot;sheet&amp;quot; is null">
      <![CDATA[java.lang.NullPointerException: Cannot invoke "org.apache.poi.ss.usermodel.Sheet.getRow(int)" because "sheet" is null
at com.redbus.testing.utilities.AllUtililtyFunction.getExcelData(AllUtililtyFunction.java:179)
at com.redbus.testing.stepdefinition.HotelsStepDefinition.enter_city_name_from_excel_sheet_row(HotelsStepDefinition.java:52)
at ✽.Enter city name from excel sheet "HotelsData" row 4(file:///C:/Users/sivap/OneDrive/Documents/Selenium/SeleniumUIFramework.RedbusApp/src/test/java/com/redbus/testing/featurefiles/SearchHotels.feature:66)
]]>
    </failure>
  </testcase> <!-- runScenario -->
  <testcase classname="io.cucumber.testng.AbstractTestNGCucumberTests" name="runScenario" time="6.576">
    <failure type="java.lang.NullPointerException" message="Cannot invoke &amp;quot;org.apache.poi.ss.usermodel.Sheet.getRow(int)&amp;quot; because &amp;quot;sheet&amp;quot; is null">
      <![CDATA[java.lang.NullPointerException: Cannot invoke "org.apache.poi.ss.usermodel.Sheet.getRow(int)" because "sheet" is null
at com.redbus.testing.utilities.AllUtililtyFunction.getExcelData(AllUtililtyFunction.java:179)
at com.redbus.testing.stepdefinition.HotelsStepDefinition.enter_city_name_from_excel_sheet_row(HotelsStepDefinition.java:52)
at ✽.Enter city name from excel sheet "HotelsData" row 5(file:///C:/Users/sivap/OneDrive/Documents/Selenium/SeleniumUIFramework.RedbusApp/src/test/java/com/redbus/testing/featurefiles/SearchHotels.feature:87)
]]>
    </failure>
  </testcase> <!-- runScenario -->
  <testcase classname="io.cucumber.testng.AbstractTestNGCucumberTests" name="runScenario" time="6.329">
    <failure type="java.lang.NullPointerException" message="Cannot invoke &amp;quot;org.apache.poi.ss.usermodel.Sheet.getRow(int)&amp;quot; because &amp;quot;sheet&amp;quot; is null">
      <![CDATA[java.lang.NullPointerException: Cannot invoke "org.apache.poi.ss.usermodel.Sheet.getRow(int)" because "sheet" is null
at com.redbus.testing.utilities.AllUtililtyFunction.getExcelData(AllUtililtyFunction.java:179)
at com.redbus.testing.stepdefinition.HotelsStepDefinition.enter_city_name_from_excel_sheet_row(HotelsStepDefinition.java:52)
at ✽.Enter city name from excel sheet "HotelsData" row 5(file:///C:/Users/sivap/OneDrive/Documents/Selenium/SeleniumUIFramework.RedbusApp/src/test/java/com/redbus/testing/featurefiles/SearchHotels.feature:87)
]]>
    </failure>
  </testcase> <!-- runScenario -->
  <testcase classname="io.cucumber.testng.AbstractTestNGCucumberTests" name="runScenario" time="1.885">
    <failure type="java.io.FileNotFoundException" message=".\src\main\resources\data.properties (The system cannot find the file specified)">
      <![CDATA[java.io.FileNotFoundException: .\src\main\resources\data.properties (The system cannot find the file specified)
at java.base/java.io.FileInputStream.open0(Native Method)
at java.base/java.io.FileInputStream.open(FileInputStream.java:216)
at java.base/java.io.FileInputStream.<init>(FileInputStream.java:157)
at java.base/java.io.FileInputStream.<init>(FileInputStream.java:111)
at com.redbus.testing.utilities.AllUtililtyFunction.getPropertyKeyValue(AllUtililtyFunction.java:156)
at com.redbus.testing.stepdefinition.TrainTicket.user_navigates_to_red_bus_website(TrainTicket.java:35)
at ✽.user navigates to RedBus website(file:///C:/Users/sivap/OneDrive/Documents/Selenium/SeleniumUIFramework.RedbusApp/src/test/java/com/redbus/testing/featurefiles/TrainTickets.feature:5)
]]>
    </failure>
  </testcase> <!-- runScenario -->
  <testcase classname="io.cucumber.testng.AbstractTestNGCucumberTests" name="runScenario" time="2.158">
    <failure type="java.io.FileNotFoundException" message=".\src\main\resources\data.properties (The system cannot find the file specified)">
      <![CDATA[java.io.FileNotFoundException: .\src\main\resources\data.properties (The system cannot find the file specified)
at java.base/java.io.FileInputStream.open0(Native Method)
at java.base/java.io.FileInputStream.open(FileInputStream.java:216)
at java.base/java.io.FileInputStream.<init>(FileInputStream.java:157)
at java.base/java.io.FileInputStream.<init>(FileInputStream.java:111)
at com.redbus.testing.utilities.AllUtililtyFunction.getPropertyKeyValue(AllUtililtyFunction.java:156)
at com.redbus.testing.stepdefinition.TrainTicket.user_navigates_to_red_bus_website(TrainTicket.java:35)
at ✽.user navigates to RedBus website(file:///C:/Users/sivap/OneDrive/Documents/Selenium/SeleniumUIFramework.RedbusApp/src/test/java/com/redbus/testing/featurefiles/TrainTickets.feature:5)
]]>
    </failure>
  </testcase> <!-- runScenario -->
  <testcase classname="io.cucumber.testng.AbstractTestNGCucumberTests" name="runScenario" time="2.133">
    <failure type="java.io.FileNotFoundException" message=".\src\main\resources\data.properties (The system cannot find the file specified)">
      <![CDATA[java.io.FileNotFoundException: .\src\main\resources\data.properties (The system cannot find the file specified)
at java.base/java.io.FileInputStream.open0(Native Method)
at java.base/java.io.FileInputStream.open(FileInputStream.java:216)
at java.base/java.io.FileInputStream.<init>(FileInputStream.java:157)
at java.base/java.io.FileInputStream.<init>(FileInputStream.java:111)
at com.redbus.testing.utilities.AllUtililtyFunction.getPropertyKeyValue(AllUtililtyFunction.java:156)
at com.redbus.testing.stepdefinition.TrainTicket.user_navigates_to_red_bus_website(TrainTicket.java:35)
at ✽.user navigates to RedBus website(file:///C:/Users/sivap/OneDrive/Documents/Selenium/SeleniumUIFramework.RedbusApp/src/test/java/com/redbus/testing/featurefiles/TrainTickets.feature:5)
]]>
    </failure>
  </testcase> <!-- runScenario -->
  <testcase classname="io.cucumber.testng.AbstractTestNGCucumberTests" name="runScenario" time="4.866">
    <failure type="java.io.FileNotFoundException" message=".\src\main\resources\data.properties (The system cannot find the file specified)">
      <![CDATA[java.io.FileNotFoundException: .\src\main\resources\data.properties (The system cannot find the file specified)
at java.base/java.io.FileInputStream.open0(Native Method)
at java.base/java.io.FileInputStream.open(FileInputStream.java:216)
at java.base/java.io.FileInputStream.<init>(FileInputStream.java:157)
at java.base/java.io.FileInputStream.<init>(FileInputStream.java:111)
at com.redbus.testing.utilities.AllUtililtyFunction.getPropertyKeyValue(AllUtililtyFunction.java:156)
at com.redbus.testing.stepdefinition.TrainTicket.user_navigates_to_red_bus_website(TrainTicket.java:35)
at ✽.user navigates to RedBus website(file:///C:/Users/sivap/OneDrive/Documents/Selenium/SeleniumUIFramework.RedbusApp/src/test/java/com/redbus/testing/featurefiles/TrainTickets.feature:5)
]]>
    </failure>
  </testcase> <!-- runScenario -->
  <testcase classname="io.cucumber.testng.AbstractTestNGCucumberTests" name="runScenario" time="1.998">
    <failure type="java.io.FileNotFoundException" message=".\src\main\resources\data.properties (The system cannot find the file specified)">
      <![CDATA[java.io.FileNotFoundException: .\src\main\resources\data.properties (The system cannot find the file specified)
at java.base/java.io.FileInputStream.open0(Native Method)
at java.base/java.io.FileInputStream.open(FileInputStream.java:216)
at java.base/java.io.FileInputStream.<init>(FileInputStream.java:157)
at java.base/java.io.FileInputStream.<init>(FileInputStream.java:111)
at com.redbus.testing.utilities.AllUtililtyFunction.getPropertyKeyValue(AllUtililtyFunction.java:156)
at com.redbus.testing.stepdefinition.TrainTicket.user_navigates_to_red_bus_website(TrainTicket.java:35)
at ✽.user navigates to RedBus website(file:///C:/Users/sivap/OneDrive/Documents/Selenium/SeleniumUIFramework.RedbusApp/src/test/java/com/redbus/testing/featurefiles/TrainTickets.feature:5)
]]>
    </failure>
  </testcase> <!-- runScenario -->
  <testcase classname="io.cucumber.testng.AbstractTestNGCucumberTests" name="runScenario" time="2.242">
    <failure type="java.io.FileNotFoundException" message=".\src\main\resources\data.properties (The system cannot find the file specified)">
      <![CDATA[java.io.FileNotFoundException: .\src\main\resources\data.properties (The system cannot find the file specified)
at java.base/java.io.FileInputStream.open0(Native Method)
at java.base/java.io.FileInputStream.open(FileInputStream.java:216)
at java.base/java.io.FileInputStream.<init>(FileInputStream.java:157)
at java.base/java.io.FileInputStream.<init>(FileInputStream.java:111)
at com.redbus.testing.utilities.AllUtililtyFunction.getPropertyKeyValue(AllUtililtyFunction.java:156)
at com.redbus.testing.stepdefinition.TrainTicket.user_navigates_to_red_bus_website(TrainTicket.java:35)
at ✽.user navigates to RedBus website(file:///C:/Users/sivap/OneDrive/Documents/Selenium/SeleniumUIFramework.RedbusApp/src/test/java/com/redbus/testing/featurefiles/TrainTickets.feature:5)
]]>
    </failure>
  </testcase> <!-- runScenario -->
  <testcase classname="io.cucumber.testng.AbstractTestNGCucumberTests" name="runScenario" time="2.815">
    <failure type="java.io.FileNotFoundException" message=".\src\main\resources\data.properties (The system cannot find the file specified)">
      <![CDATA[java.io.FileNotFoundException: .\src\main\resources\data.properties (The system cannot find the file specified)
at java.base/java.io.FileInputStream.open0(Native Method)
at java.base/java.io.FileInputStream.open(FileInputStream.java:216)
at java.base/java.io.FileInputStream.<init>(FileInputStream.java:157)
at java.base/java.io.FileInputStream.<init>(FileInputStream.java:111)
at com.redbus.testing.utilities.AllUtililtyFunction.getPropertyKeyValue(AllUtililtyFunction.java:156)
at com.redbus.testing.stepdefinition.TrainTicket.user_navigates_to_red_bus_website(TrainTicket.java:35)
at ✽.user navigates to RedBus website(file:///C:/Users/sivap/OneDrive/Documents/Selenium/SeleniumUIFramework.RedbusApp/src/test/java/com/redbus/testing/featurefiles/TrainTickets.feature:5)
]]>
    </failure>
  </testcase> <!-- runScenario -->
  <testcase classname="io.cucumber.testng.AbstractTestNGCucumberTests" name="runScenario" time="3.849">
    <failure type="java.io.FileNotFoundException" message=".\src\main\resources\data.properties (The system cannot find the file specified)">
      <![CDATA[java.io.FileNotFoundException: .\src\main\resources\data.properties (The system cannot find the file specified)
at java.base/java.io.FileInputStream.open0(Native Method)
at java.base/java.io.FileInputStream.open(FileInputStream.java:216)
at java.base/java.io.FileInputStream.<init>(FileInputStream.java:157)
at java.base/java.io.FileInputStream.<init>(FileInputStream.java:111)
at com.redbus.testing.utilities.AllUtililtyFunction.getPropertyKeyValue(AllUtililtyFunction.java:156)
at com.redbus.testing.stepdefinition.TrainTicket.user_navigates_to_red_bus_website(TrainTicket.java:35)
at ✽.user navigates to RedBus website(file:///C:/Users/sivap/OneDrive/Documents/Selenium/SeleniumUIFramework.RedbusApp/src/test/java/com/redbus/testing/featurefiles/TrainTickets.feature:5)
]]>
    </failure>
  </testcase> <!-- runScenario -->
</testsuite> <!-- Default test -->
